SF:lib/src/directus_sdk.dart
DA:12,0
DA:13,0
DA:16,0
DA:17,0
DA:18,0
DA:19,0
DA:24,0
DA:27,0
DA:33,0
DA:34,0
DA:35,0
DA:37,0
DA:41,0
DA:42,0
DA:46,0
DA:47,0
DA:51,0
DA:52,0
DA:56,0
DA:57,0
DA:61,0
DA:62,0
DA:66,0
DA:67,0
DA:71,0
DA:72,0
DA:76,0
DA:77,0
DA:81,0
DA:82,0
DA:86,0
DA:87,0
DA:91,0
DA:92,0
DA:96,0
DA:97,0
DA:101,0
DA:102,0
DA:106,0
DA:107,0
LF:40
LH:0
end_of_record
SF:lib/src/collections/settings_item.dart
DA:19,0
DA:35,0
DA:36,0
DA:37,0
DA:38,0
DA:39,0
DA:40,0
DA:41,0
DA:42,0
DA:43,0
DA:44,0
DA:45,0
DA:46,0
DA:47,0
DA:48,0
DA:50,0
DA:51,0
DA:52,0
DA:65,0
DA:74,0
DA:75,0
DA:76,0
DA:77,0
DA:78,0
DA:79,0
DA:80,0
DA:81,0
DA:84,0
DA:85,0
DA:86,0
DA:87,0
DA:88,0
DA:89,0
LF:33
LH:0
end_of_record
SF:lib/src/data_classes/filter.dart
DA:26,1
DA:29,1
DA:34,2
DA:39,2
DA:42,1
DA:45,1
DA:48,1
DA:51,1
DA:54,1
DA:57,1
DA:60,1
DA:63,1
DA:66,1
DA:69,1
DA:74,1
DA:79,1
DA:84,1
DA:88,1
DA:90,1
DA:92,1
DA:94,1
DA:96,2
DA:101,10
DA:102,2
DA:105,2
DA:107,8
DA:108,8
DA:110,8
LF:28
LH:28
end_of_record
SF:lib/src/data_classes/query.dart
DA:51,3
DA:63,3
DA:64,3
DA:65,9
DA:66,4
DA:67,3
DA:68,3
DA:69,4
DA:70,7
DA:71,6
LF:10
LH:10
end_of_record
SF:lib/src/data_classes/response.dart
DA:9,9
LF:1
LH:1
end_of_record
SF:lib/src/stores/store.dart
DA:10,0
DA:13,0
DA:14,0
DA:18,0
DA:19,0
DA:28,0
DA:30,0
DA:31,0
DA:32,0
DA:36,0
DA:39,0
DA:40,0
DA:44,0
DA:46,0
DA:47,0
LF:15
LH:0
end_of_record
SF:lib/src/handlers/activity_handler.dart
DA:9,1
DA:10,1
DA:12,0
DA:13,0
DA:16,0
DA:17,0
DA:21,0
DA:22,0
DA:24,0
DA:26,0
DA:30,0
DA:31,0
DA:32,0
DA:36,0
DA:37,0
LF:15
LH:2
end_of_record
SF:lib/src/handlers/items_handler.dart
DA:15,13
DA:16,13
DA:17,12
DA:18,14
DA:23,1
DA:24,5
DA:25,1
DA:40,1
DA:41,3
DA:42,2
DA:43,1
DA:45,1
DA:53,1
DA:54,5
DA:55,1
DA:63,1
DA:64,5
DA:65,1
DA:73,1
DA:74,5
DA:75,1
DA:83,1
DA:85,3
DA:86,3
DA:89,1
DA:97,1
DA:98,5
DA:106,1
DA:107,1
DA:108,5
LF:30
LH:30
end_of_record
SF:lib/src/handlers/auth/_auth_response.dart
DA:14,0
DA:15,0
DA:16,0
DA:17,0
DA:18,0
DA:21,0
DA:24,0
DA:25,0
DA:26,0
DA:27,0
DA:30,0
LF:11
LH:0
end_of_record
SF:lib/src/handlers/auth/_auth_storage.dart
DA:13,1
DA:20,0
DA:21,0
DA:22,0
DA:23,0
DA:24,0
DA:32,0
DA:33,0
DA:34,0
DA:35,0
DA:36,0
DA:45,0
DA:47,0
LF:13
LH:1
end_of_record
SF:lib/src/handlers/auth/_current_user.dart
DA:6,0
DA:8,0
DA:9,0
DA:10,0
DA:14,0
DA:15,0
DA:16,0
LF:7
LH:0
end_of_record
SF:lib/src/handlers/auth/_otp.dart
DA:5,0
DA:7,0
DA:8,0
DA:11,0
DA:12,0
LF:5
LH:0
end_of_record
SF:lib/src/handlers/auth/auth_handler.dart
DA:41,1
DA:45,1
DA:47,3
DA:48,4
DA:50,0
DA:52,6
DA:60,0
DA:61,0
DA:62,0
DA:63,0
DA:64,0
DA:69,0
DA:72,0
DA:77,0
DA:78,0
DA:79,0
DA:80,0
DA:81,0
DA:84,0
DA:85,0
DA:86,0
DA:87,0
DA:88,0
DA:89,0
DA:93,0
DA:95,0
DA:96,0
DA:97,0
DA:98,0
DA:99,0
DA:100,0
DA:101,0
DA:106,0
DA:107,0
DA:113,0
DA:114,0
DA:118,0
DA:123,0
DA:124,0
DA:127,0
DA:129,0
DA:133,0
DA:135,0
DA:138,0
DA:139,0
DA:141,0
DA:143,0
DA:145,0
DA:146,0
DA:147,0
DA:148,0
DA:150,0
LF:52
LH:5
end_of_record
SF:lib/src/handlers/collections_handler.dart
DA:5,4
LF:1
LH:1
end_of_record
SF:lib/src/handlers/fields_handler.dart
DA:5,4
LF:1
LH:1
end_of_record
SF:lib/src/handlers/files_handler.dart
DA:5,4
LF:1
LH:1
end_of_record
SF:lib/src/handlers/folders_handler.dart
DA:5,4
LF:1
LH:1
end_of_record
SF:lib/src/handlers/permissions_handler.dart
DA:5,4
LF:1
LH:1
end_of_record
SF:lib/src/handlers/presets_handler.dart
DA:5,4
LF:1
LH:1
end_of_record
SF:lib/src/handlers/relations_handler.dart
DA:5,4
LF:1
LH:1
end_of_record
SF:lib/src/handlers/revisions_handler.dart
DA:5,2
LF:1
LH:1
end_of_record
SF:lib/src/handlers/roles_handler.dart
DA:5,4
LF:1
LH:1
end_of_record
SF:lib/src/handlers/server_handler.dart
DA:8,2
DA:10,1
DA:11,3
DA:15,1
DA:16,3
DA:17,1
DA:20,1
DA:21,3
DA:22,1
LF:9
LH:9
end_of_record
SF:lib/src/handlers/settings_handler.dart
DA:6,4
LF:1
LH:1
end_of_record
SF:lib/src/handlers/users_handler.dart
DA:5,4
DA:7,1
DA:8,4
DA:11,1
DA:12,4
DA:15,1
DA:16,4
LF:7
LH:7
end_of_record
SF:lib/src/handlers/utils_handler.dart
DA:7,2
DA:9,1
DA:10,4
DA:11,2
DA:14,1
DA:15,4
DA:16,2
DA:19,1
DA:20,4
DA:21,2
DA:24,1
DA:29,5
DA:32,1
DA:33,4
LF:14
LH:14
end_of_record
